[12:13:15] Simas Pozniakovas: !topreddit dankmemes day 5 used
[12:14:11] Marius Pozniakovas: lexus used
[12:14:18] Marius Pozniakovas: 2iq printed
[12:14:24] Marius Pozniakovas: 2iq printed
[12:14:24] Marius Pozniakovas: lexus used
[12:47:31] Marius Pozniakovas: !topreddit oof day 1 used
[12:47:57] Simas Pozniakovas: !topreddit worldnews week 5 used
[12:49:12] Simas Pozniakovas: !topreddit memes day 5 used
[12:52:02] Marius Pozniakovas: !topreddit memes day 10 used
[13:07:21] Marius Pozniakovas: !topreddit nba day 1 used
[13:11:11] Marius Pozniakovas: !topreddit nba day 1 used
[13:12:35] Marius Pozniakovas: !topreddit nba day 1 used
[13:13:37] Marius Pozniakovas: !topreddit earthporn day 1 used
[13:47:14] Marius Pozniakovas: !topreddit comics day 2 used
[16:02:32] Marius Pozniakovas: !google cat 4 used
[16:03:50] Marius Pozniakovas: !google cat 4 used
[16:04:47] Marius Pozniakovas: !google cat 5 used
[16:06:38] Marius Pozniakovas: !google cat 3 used
[16:07:09] Marius Pozniakovas: !google hitler 1 used
[16:07:47] Marius Pozniakovas: !google TomasKuèejevas 3 used
[16:11:46] Marius Pozniakovas: !google tomas.komas 2 used
[16:12:36] Tomas Kuèejevas: fat used
[16:12:47] Tomas Kuèejevas: fat used
[16:13:19] Tomas Kuèejevas: !google big.dick 3 used
[16:13:33] Tomas Kuèejevas: !google penis 3 used
[16:15:18] Tomas Kuèejevas: !google tit 5 used
[16:15:48] Tomas Kuèejevas: !google e30m3 5 used
[16:19:52] Tomas Kuèejevas: !google e34m5 5 used
[16:20:22] Tomas Kuèejevas: !google urquattro 5 used
[16:24:04] Tomas Kuèejevas: !google s15silvia 5 used
[16:24:14] Tomas Kuèejevas: !google s15 5 used
[16:24:37] Tomas Kuèejevas: !google nature 6969 used
[16:32:26] Tomas Kuèejevas: !google gaydick 25 used
